1614729787257	geckodriver	INFO	Listening on 127.0.0.1:59372
1614729790278	mozrunner::runner	INFO	Running command: "C:\\Program Files\\Mozilla Firefox\\firefox.exe" "--marionette" "-foreground" "-no-remote" "-profile" "C:\\Users\\DOMINI~1\\AppData\\Local\\Temp\\rust_mozprofileaIvxbG"
console.warn: SearchSettings: "get: No settings file exists, new profile?" (new Error("", "(unknown module)"))
1614729791946	Marionette	INFO	Listening on port 59380
1614729792362	Marionette	WARN	TLS certificate errors will be ignored for this session
1614729837938	Marionette	INFO	Stopped listening on port 59380

###!!! [Child][RunMessage] Error: Channel closing: too late to send/recv, messages will be lost

"--marionette" "-foreground" "-no-remote" "-profile" "C:\\Users\\DOMINI~1\\AppData\\Local\\Temp\\rust_mozprofileb8DdDn"
console.warn: SearchSettings: "get: No settings file exists, new profile?" (new Error("", "(unknown module)"))
1614729814050	Marionette	INFO	Listening on port 59446
1614729814127	Marionette	WARN	TLS certificate errors will be ignored for this session
1614729838963	Marionette	INFO	Stopped listening on port 59446

###!!! [Child][RunMessage] Error: Channel closing: too late to send/recv, messages will be lost

"--marionette" "-foreground" "-no-remote" "-profile" "C:\\Users\\DOMINI~1\\AppData\\Local\\Temp\\rust_mozprofileko9WVq"
console.warn: SearchSettings: "get: No settings file exists, new profile?" (new Error("", "(unknown module)"))
1614729838371	Marionette	INFO	Listening on port 59511
1614729838894	Marionette	WARN	TLS certificate errors will be ignored for this session
1614729859194	Marionette	INFO	Stopped listening on port 59511
1614729860937	geckodriver	INFO	Listening on 127.0.0.1:59563
1614729863965	mozrunner::runner	INFO	Running command: "C:\\Program Files\\Mozilla Firefox\\firefox.exe" "--marionette" "-foreground" "-no-remote" "-profile" "C:\\Users\\DOMINI~1\\AppData\\Local\\Temp\\rust_mozprofileNKVNum"
console.warn: SearchSettings: "get: No settings file exists, new profile?" (new Error("", "(unknown module)"))
1614729865590	Marionette	INFO	Listening on port 59572
1614729866031	Marionette	WARN	TLS certificate errors will be ignored for this session
1614730787130	Marionette	INFO	Stopped listening on port 59572
4730023709	mozrunner::runner	INFO	Running command: "C:\\Program Files\\Mozilla Firefox\\firefox.exe" "--marionette" "-foreground" "-no-remote" "-profile" "C:\\Users\\DOMINI~1\\AppData\\Local\\Temp\\rust_mozprofileEXPee1"
console.warn: SearchSettings: "get: No settings file exists, new profile?" (new Error("", "(unknown module)"))
1614730025369	Marionette	INFO	Listening on port 59666
1614730025798	Marionette	WARN	TLS certificate errors will be ignored for this session
1614730224456	Marionette	INFO	Stopped listening on port 59666
1614730784541	geckodriver	INFO	Listening on 127.0.0.1:59869
1614730787584	mozrunner::runner	INFO	Running command: "C:\\Program Files\\Mozilla Firefox\\firefox.exe" "--marionette" "-foreground" "-no-remote" "-profile" "C:\\Users\\DOMINI~1\\AppData\\Local\\Temp\\rust_mozprofilexDh1aj"
console.warn: SearchSettings: "get: No settings file exists, new profile?" (new Error("", "(unknown module)"))
1614730789053	Marionette	INFO	Listening on port 59877
1614730789134	Marionette	WARN	TLS certificate errors will be ignored for this session
1614730889719	Marionette	INFO	Stopped listening on port 59877

###!!! [Child][RunMessage] Error: Channel closing: too late to send/recv, messages will be lost

"--marionette" "-foreground" "-no-remote" "-profile" "C:\\Users\\DOMINI~1\\AppData\\Local\\Temp\\rust_mozprofilemfsKBS"
console.warn: SearchSettings: "get: No settings file exists, new profile?" (new Error("", "(unknown module)"))
1614730858312	Marionette	INFO	Listening on port 59946
1614730858331	Marionette	WARN	TLS certificate errors will be ignored for this session
1614730891593	Marionette	INFO	Stopped listening on port 59946

###!!! [Child][RunMessage] Error: Channel closing: too late to send/recv, messages will be lost

"--marionette" "-foreground" "-no-remote" "-profile" "C:\\Users\\DOMINI~1\\AppData\\Local\\Temp\\rust_mozprofileYjXNwV"
console.warn: SearchSettings: "get: No settings file exists, new profile?" (new Error("", "(unknown module)"))
1614730892189	Marionette	INFO	Listening on port 60011
1614730892599	Marionette	WARN	TLS certificate errors will be ignored for this session
1614731074466	Marionette	INFO	Stopped listening on port 60011614731074794	mozrunner::runner	INFO	Running command: "C:\\Program Files\\Mozilla Firefox\\firefox.exe" "--marionette" "-foreground" "-no-remote" "-profile" "C:\\Users\\DOMINI~1\\AppData\\Local\\Temp\\rust_mozprofileXOvC9P"
console.warn: SearchSettings: "get: No settings file exists, new profile?" (new Error("", "(unknown module)"))
1614731076570	Marionette	INFO	Listening on port 60103
1614731076857	Marionette	WARN	TLS certificate errors will be ignored for this session
1614731846737	Marionette	INFO	Stopped listening on port 60103

###!!! [Child][RunMessage] Error: Channel closing: too late to send/recv, messages will be lost

"--marionette" "-foreground" "-no-remote" "-profile" "C:\\Users\\DOMINI~1\\AppData\\Local\\Temp\\rust_mozprofile52HR7z"
console.warn: SearchSettings: "get: No settings file exists, new profile?" (new Error("", "(unknown module)"))
1614731081514	Marionette	INFO	Listening on port 60160
1614731081982	Marionette	WARN	TLS certificate errors will be ignored for this session
1614731082048	Marionette	INFO	Stopped listening on port 60160

###!!! [Child][RunMessage] Error: Channel closing: too late to send/recv, messages will be lost

1614731805339	geckodriver	INFO	Listening on 127.0.0.1:60339
1614731808372	mozrunner::runner	INFO	Running command: "C:\\Program Files\\Mozilla Firefox\\firefox.exe" "--marionette" "-foreground" "-no-remote" "-profile" "C:\\Users\\DOMINI~1\\AppData\\Local\\Temp\\rust_mozprofilejLtmTo"
console.warn: SearchSettings: "get: No settings file exists, new profile?" (new Error("", "(unknown module)"))
1614731810277	Marionette	INFO	Listening on port 60349
1614731810649	Marionette	WARN	TLS certificate errors will be ignored for this session
1614731817664	Marionette	INFO	Stopped listening on port 60349
4731813707	mozrunner::runner	INFO	Running command: "C:\\Program Files\\Mozilla Firefox\\firefox.exe" "--marionette" "-foreground" "-no-remote" "-profile" "C:\\Users\\DOMINI~1\\AppData\\Local\\Temp\\rust_mozprofileTgIOVE"
console.warn: SearchSettings: "get: No settings file exists, new profile?" (new Error("", "(unknown module)"))
1614731815411	Marionette	INFO	Listening on port 60405
1614731815771	Marionette	WARN	TLS certificate errors will be ignored for this session
1614731822252	Marionette	INFO	Stopped listening on port 60405

###!!! [Child][RunMessage] Error: Channel closing: too late to send/recv, messages will be lost

1614731850228	geckodriver	INFO	Listening on 127.0.0.1:60463
1614731853270	mozrunner::runner	INFO	Running command: "C:\\Program Files\\Mozilla Firefox\\firefox.exe" "--marionette" "-foreground" "-no-remote" "-profile" "C:\\Users\\DOMINI~1\\AppData\\Local\\Temp\\rust_mozprofileUHEhwc"
console.warn: SearchSettings: "get: No settings file exists, new profile?" (new Error("", "(unknown module)"))
1614731854952	Marionette	INFO	Listening on port 60472
1614731855336	Marionette	WARN	TLS certificate errors will be ignored for this session
1614731878297	Marionette	INFO	Stopped listening on port 60472
4731858385	mozrunner::runner	INFO	Running command: "C:\\Program Files\\Mozilla Firefox\\firefox.exe" "--marionette" "-foreground" "-no-remote" "-profile" "C:\\Users\\DOMINI~1\\AppData\\Local\\Temp\\rust_mozprofilenY0qVV"
console.warn: SearchSettings: "get: No settings file exists, new profile?" (new Error("", "(unknown module)"))
1614731860002	Marionette	INFO	Listening on port 60528
1614731860448	Marionette	WARN	TLS certificate errors will be ignored for this session
1614731860522	Marionette	INFO	Stopped listening on port 60528
1617145762234	geckodriver	INFO	Listening on 127.0.0.1:52995
1617145762245	mozrunner::runner	INFO	Running command: "/Applications/Firefox.app/Contents/MacOS/firefox-bin" "--marionette" "-foreground" "-no-remote" "-profile" "/var/folders/yr/zg4fbhwn5xs608dn1_qmhqlm0000gn/T/rust_mozprofileWKDyad"
console.warn: SearchSettings: "get: No settings file exists, new profile?" (new Error("", "(unknown module)"))
1617145768350	Marionette	INFO	Listening on port 53000
1617145768383	Marionette	WARN	TLS certificate errors will be ignored for this session
1617145768411	geckodriver	INFO	Listening on 127.0.0.1:53080
1617145769422	mozrunner::runner	INFO	Running command: "/Applications/Firefox.app/Contents/MacOS/firefox-bin" "--marionette" "-foreground" "-no-remote" "-profile" "/var/folders/yr/zg4fbhwn5xs608dn1_qmhqlm0000gn/T/rust_mozprofileg8LZxS"
console.warn: SearchSettings: "get: No settings file exists, new profile?" (new Error("", "(unknown module)"))
1617145771296	Marionette	INFO	Listening on port 53101
1617145771389	Marionette	WARN	TLS certificate errors will be ignored for this session
1617145771503	Marionette	INFO	Stopped listening on port 53101
JavaScript error: resource://activity-stream/lib/ASRouter.jsm, line 988: NS_ERROR_ILLEGAL_VALUE: Component returned failure code: 0x80070057 (NS_ERROR_ILLEGAL_VALUE) [nsIObserverService.removeObserver]
console.warn: services.settings: main/cfr-fxa sync interrupted by shutdown

###!!! [Parent][RunMessage] Error: Channel closing: too late to send/recv, messages will be lost

1617145890780	Marionette	INFO	Stopped listening on port 53000

###!!! [Parent][RunMessage] Error: Channel closing: too late to send/recv, messages will be lost

1617148860600	geckodriver	INFO	Listening on 127.0.0.1:53888
1617148860612	mozrunner::runner	INFO	Running command: "/Applications/Firefox.app/Contents/MacOS/firefox-bin" "--marionette" "-foreground" "-no-remote" "-profile" "/var/folders/yr/zg4fbhwn5xs608dn1_qmhqlm0000gn/T/rust_mozprofileFhS6as"
console.warn: SearchSettings: "get: No settings file exists, new profile?" (new Error("", "(unknown module)"))
1617148862416	Marionette	INFO	Listening on port 53893
1617148862484	Marionette	WARN	TLS certificate errors will be ignored for this session
1617148862509	geckodriver	INFO	Listening on 127.0.0.1:53931
1617148863525	mozrunner::runner	INFO	Running command: "/Applications/Firefox.app/Contents/MacOS/firefox-bin" "--marionette" "-foreground" "-no-remote" "-profile" "/var/folders/yr/zg4fbhwn5xs608dn1_qmhqlm0000gn/T/rust_mozprofileVqrxq4"
console.warn: SearchSettings: "get: No settings file exists, new profile?" (new Error("", "(unknown module)"))
1617148865439	Marionette	INFO	Listening on port 53951
1617148865500	Marionette	WARN	TLS certificate errors will be ignored for this session
1617148865617	Marionette	INFO	Stopped listening on port 53951
JavaScript error: resource://activity-stream/lib/ASRouter.jsm, line 988: NS_ERROR_ILLEGAL_VALUE: Component returned failure code: 0x80070057 (NS_ERROR_ILLEGAL_VALUE) [nsIObserverService.removeObserver]
console.warn: services.settings: main/cfr sync interrupted by shutdown

###!!! [Parent][RunMessage] Error: Channel closing: too late to send/recv, messages will be lost

1617148880876	geckodriver	INFO	Listening on 127.0.0.1:54019
1617148880889	mozrunner::runner	INFO	Running command: "/Applications/Firefox.app/Contents/MacOS/firefox-bin" "--marionette" "-foreground" "-no-remote" "-profile" "/var/folders/yr/zg4fbhwn5xs608dn1_qmhqlm0000gn/T/rust_mozprofilekMX9EB"
console.warn: SearchSettings: "get: No settings file exists, new profile?" (new Error("", "(unknown module)"))
1617148883014	Marionette	INFO	Listening on port 54024
1617148883071	Marionette	WARN	TLS certificate errors will be ignored for this session
1617148883094	geckodriver	INFO	Listening on 127.0.0.1:54066
1617148884102	mozrunner::runner	INFO	Running command: "/Applications/Firefox.app/Contents/MacOS/firefox-bin" "--marionette" "-foreground" "-no-remote" "-profile" "/var/folders/yr/zg4fbhwn5xs608dn1_qmhqlm0000gn/T/rust_mozprofileeIxuuD"
console.warn: SearchSettings: "get: No settings file exists, new profile?" (new Error("", "(unknown module)"))
1617148886183	Marionette	INFO	Listening on port 54082
1617148886299	Marionette	WARN	TLS certificate errors will be ignored for this session
1617148886423	Marionette	INFO	Stopped listening on port 54082
JavaScript error: resource://activity-stream/lib/ASRouter.jsm, line 988: NS_ERROR_ILLEGAL_VALUE: Component returned failure code: 0x80070057 (NS_ERROR_ILLEGAL_VALUE) [nsIObserverService.removeObserver]
console.warn: services.settings: main/cfr sync interrupted by shutdown

###!!! [Parent][RunMessage] Error: Channel closing: too late to send/recv, messages will be lost

console.log: WebExtensions: reset-default-search: No addons in our list are installed.
console.log: WebExtensions: reset-default-search: No addons in our list are installed.
1617149883097	Marionette	INFO	Stopped listening on port 53893

###!!! [Parent][RunMessage] Error: Channel closing: too late to send/recv, messages will be lost

1617149893127	Marionette	INFO	Stopped listening on port 54024

###!!! [Parent][RunMessage] Error: Channel closing: too late to send/recv, messages will be lost

